<?xml version="1.0" encoding="UTF-8"?>
<!-- Generated by org.testng.reporters.JUnitXMLReporter -->
<testsuite ignored="0" hostname="DESKTOP-5HJF4BI" failures="0" tests="2" name="Test" time="0.321" errors="0" timestamp="2024-12-25T22:33:15 IST">
  <testcase classname="ParallelTesting.ParallelClass" name="@BeforeClass login" time="0.161">
    <failure type="java.lang.IllegalStateException" message="The path to the driver executable must be set by the webdriver.edge.driver system property; for more information, see https://github.com/SeleniumHQ/selenium/wiki/MicrosoftWebDriver. The latest version can be downloaded from http://go.microsoft.com/fwlink/?LinkId=619687">
      <![CDATA[java.lang.IllegalStateException: The path to the driver executable must be set by the webdriver.edge.driver system property; for more information, see https://github.com/SeleniumHQ/selenium/wiki/MicrosoftWebDriver. The latest version can be downloaded from http://go.microsoft.com/fwlink/?LinkId=619687
at com.google.common.base.Preconditions.checkState(Preconditions.java:847)
at org.openqa.selenium.remote.service.DriverService.findExecutable(DriverService.java:134)
at org.openqa.selenium.edge.EdgeDriverService.access$000(EdgeDriverService.java:37)
at org.openqa.selenium.edge.EdgeDriverService$Builder.findDefaultExecutable(EdgeDriverService.java:90)
at org.openqa.selenium.remote.service.DriverService$Builder.build(DriverService.java:355)
at org.openqa.selenium.edge.EdgeDriverService.createDefaultService(EdgeDriverService.java:70)
at org.openqa.selenium.edge.EdgeDriver.<init>(EdgeDriver.java:96)
at ParallelTesting.ParallelClass.login(ParallelClass.java:30)
at java.base/java.util.ArrayList.forEach(ArrayList.java:1596)
... Removed 23 stack frames]]>
    </failure>
  </testcase> <!-- @BeforeClass login -->
  <testcase classname="ParallelTesting.ParallelClass" name="@AfterClass logout" time="-1.735146195311E9">
    <skipped/>
  </testcase> <!-- @AfterClass logout -->
  <testcase classname="ParallelTesting.ParallelClass" name="mainpage" time="0.0">
    <skipped/>
  </testcase> <!-- mainpage -->
  <testcase classname="ParallelTesting.ParallelClass" name="mainpage" time="0.0">
    <skipped/>
  </testcase> <!-- mainpage -->
</testsuite> <!-- Test -->
